examples/build-10qtandroidjninotification-Android_Qt_5_12_6_Clang_armeabi_v7a_b6d8de-Debug/android-build/build/outputs/logs/manifest-merger-debug-report.txt
-- Merging decision tree log ---
manifest
ADDED from build-10qtandroidjninotification-Android_Qt_5_12_6_Clang_armeabi_v7a_b6d8de-Debug/android-build/AndroidManifest.xml:2:1-83:12
INJECTED from build-10qtandroidjninotification-Android_Qt_5_12_6_Clang_armeabi_v7a_b6d8de-Debug/android-build/AndroidManifest.xml:2:1-83:12
INJECTED from build-10qtandroidjninotification-Android_Qt_5_12_6_Clang_armeabi_v7a_b6d8de-Debug/android-build/AndroidManifest.xml:2:1-83:12
INJECTED from build-10qtandroidjninotification-Android_Qt_5_12_6_Clang_armeabi_v7a_b6d8de-Debug/android-build/AndroidManifest.xml:2:1-83:12
INJECTED from build-10qtandroidjninotification-Android_Qt_5_12_6_Clang_armeabi_v7a_b6d8de-Debug/android-build/AndroidManifest.xml:2:1-83:12
	package
		ADDED from build-10qtandroidjninotification-Android_Qt_5_12_6_Clang_armeabi_v7a_b6d8de-Debug/android-build/AndroidManifest.xml:2:11-42
	android:versionName
		ADDED from build-10qtandroidjninotification-Android_Qt_5_12_6_Clang_armeabi_v7a_b6d8de-Debug/android-build/AndroidManifest.xml:2:102-127
		INJECTED from build-10qtandroidjninotification-Android_Qt_5_12_6_Clang_armeabi_v7a_b6d8de-Debug/android-build/AndroidManifest.xml
		INJECTED from build-10qtandroidjninotification-Android_Qt_5_12_6_Clang_armeabi_v7a_b6d8de-Debug/android-build/AndroidManifest.xml
	xmlns:android
		ADDED from build-10qtandroidjninotification-Android_Qt_5_12_6_Clang_armeabi_v7a_b6d8de-Debug/android-build/AndroidManifest.xml:2:43-101
	android:versionCode
		ADDED from build-10qtandroidjninotification-Android_Qt_5_12_6_Clang_armeabi_v7a_b6d8de-Debug/android-build/AndroidManifest.xml:2:128-151
		INJECTED from build-10qtandroidjninotification-Android_Qt_5_12_6_Clang_armeabi_v7a_b6d8de-Debug/android-build/AndroidManifest.xml
		INJECTED from build-10qtandroidjninotification-Android_Qt_5_12_6_Clang_armeabi_v7a_b6d8de-Debug/android-build/AndroidManifest.xml
	android:installLocation
		ADDED from build-10qtandroidjninotification-Android_Qt_5_12_6_Clang_armeabi_v7a_b6d8de-Debug/android-build/AndroidManifest.xml:2:152-182
uses-sdk
ADDED from build-10qtandroidjninotification-Android_Qt_5_12_6_Clang_armeabi_v7a_b6d8de-Debug/android-build/AndroidManifest.xml:3:5-73
	android:targetSdkVersion
		ADDED from build-10qtandroidjninotification-Android_Qt_5_12_6_Clang_armeabi_v7a_b6d8de-Debug/android-build/AndroidManifest.xml:3:42-71
	android:minSdkVersion
		ADDED from build-10qtandroidjninotification-Android_Qt_5_12_6_Clang_armeabi_v7a_b6d8de-Debug/android-build/AndroidManifest.xml:3:15-41
uses-permission#android.permission.INTERNET
ADDED from build-10qtandroidjninotification-Android_Qt_5_12_6_Clang_armeabi_v7a_b6d8de-Debug/android-build/AndroidManifest.xml:7:9-71
	android:name
		ADDED from build-10qtandroidjninotification-Android_Qt_5_12_6_Clang_armeabi_v7a_b6d8de-Debug/android-build/AndroidManifest.xml:7:26-68
uses-permission#android.permission.WRITE_EXTERNAL_STORAGE
ADDED from build-10qtandroidjninotification-Android_Qt_5_12_6_Clang_armeabi_v7a_b6d8de-Debug/android-build/AndroidManifest.xml:8:5-81
	android:name
		ADDED from build-10qtandroidjninotification-Android_Qt_5_12_6_Clang_armeabi_v7a_b6d8de-Debug/android-build/AndroidManifest.xml:8:22-78
uses-permission#android.permission.ACCESS_NETWORK_STATE
ADDED from build-10qtandroidjninotification-Android_Qt_5_12_6_Clang_armeabi_v7a_b6d8de-Debug/android-build/AndroidManifest.xml:9:5-79
	android:name
		ADDED from build-10qtandroidjninotification-Android_Qt_5_12_6_Clang_armeabi_v7a_b6d8de-Debug/android-build/AndroidManifest.xml:9:22-76
uses-feature#0x00020000
ADDED from build-10qtandroidjninotification-Android_Qt_5_12_6_Clang_armeabi_v7a_b6d8de-Debug/android-build/AndroidManifest.xml:14:9-82
	android:glEsVersion
		ADDED from build-10qtandroidjninotification-Android_Qt_5_12_6_Clang_armeabi_v7a_b6d8de-Debug/android-build/AndroidManifest.xml:14:23-55
	android:required
		ADDED from build-10qtandroidjninotification-Android_Qt_5_12_6_Clang_armeabi_v7a_b6d8de-Debug/android-build/AndroidManifest.xml:14:56-79
supports-screens
ADDED from build-10qtandroidjninotification-Android_Qt_5_12_6_Clang_armeabi_v7a_b6d8de-Debug/android-build/AndroidManifest.xml:16:5-135
	android:largeScreens
		ADDED from build-10qtandroidjninotification-Android_Qt_5_12_6_Clang_armeabi_v7a_b6d8de-Debug/android-build/AndroidManifest.xml:16:23-50
	android:smallScreens
		ADDED from build-10qtandroidjninotification-Android_Qt_5_12_6_Clang_armeabi_v7a_b6d8de-Debug/android-build/AndroidManifest.xml:16:106-133
	android:normalScreens
		ADDED from build-10qtandroidjninotification-Android_Qt_5_12_6_Clang_armeabi_v7a_b6d8de-Debug/android-build/AndroidManifest.xml:16:51-79
	android:anyDensity
		ADDED from build-10qtandroidjninotification-Android_Qt_5_12_6_Clang_armeabi_v7a_b6d8de-Debug/android-build/AndroidManifest.xml:16:80-105
application
ADDED from build-10qtandroidjninotification-Android_Qt_5_12_6_Clang_armeabi_v7a_b6d8de-Debug/android-build/AndroidManifest.xml:18:5-81:19
	android:label
		ADDED from build-10qtandroidjninotification-Android_Qt_5_12_6_Clang_armeabi_v7a_b6d8de-Debug/android-build/AndroidManifest.xml:18:117-159
	android:hardwareAccelerated
		ADDED from build-10qtandroidjninotification-Android_Qt_5_12_6_Clang_armeabi_v7a_b6d8de-Debug/android-build/AndroidManifest.xml:18:18-52
	android:icon
		ADDED from build-10qtandroidjninotification-Android_Qt_5_12_6_Clang_armeabi_v7a_b6d8de-Debug/android-build/AndroidManifest.xml:18:160-189
	android:name
		ADDED from build-10qtandroidjninotification-Android_Qt_5_12_6_Clang_armeabi_v7a_b6d8de-Debug/android-build/AndroidManifest.xml:18:53-116
activity#org.kressin.example.Main
ADDED from build-10qtandroidjninotification-Android_Qt_5_12_6_Clang_armeabi_v7a_b6d8de-Debug/android-build/AndroidManifest.xml:19:9-79:20
	android:screenOrientation
		ADDED from build-10qtandroidjninotification-Android_Qt_5_12_6_Clang_armeabi_v7a_b6d8de-Debug/android-build/AndroidManifest.xml:19:272-311
	android:label
		ADDED from build-10qtandroidjninotification-Android_Qt_5_12_6_Clang_armeabi_v7a_b6d8de-Debug/android-build/AndroidManifest.xml:19:229-271
	android:launchMode
		ADDED from build-10qtandroidjninotification-Android_Qt_5_12_6_Clang_armeabi_v7a_b6d8de-Debug/android-build/AndroidManifest.xml:19:312-342
	android:configChanges
		ADDED from build-10qtandroidjninotification-Android_Qt_5_12_6_Clang_armeabi_v7a_b6d8de-Debug/android-build/AndroidManifest.xml:19:19-188
	android:name
		ADDED from build-10qtandroidjninotification-Android_Qt_5_12_6_Clang_armeabi_v7a_b6d8de-Debug/android-build/AndroidManifest.xml:19:189-228
intent-filter#action:name:android.intent.action.MAIN+category:name:android.intent.category.LAUNCHER
ADDED from build-10qtandroidjninotification-Android_Qt_5_12_6_Clang_armeabi_v7a_b6d8de-Debug/android-build/AndroidManifest.xml:20:13-23:29
action#android.intent.action.MAIN
ADDED from build-10qtandroidjninotification-Android_Qt_5_12_6_Clang_armeabi_v7a_b6d8de-Debug/android-build/AndroidManifest.xml:21:17-68
	android:name
		ADDED from build-10qtandroidjninotification-Android_Qt_5_12_6_Clang_armeabi_v7a_b6d8de-Debug/android-build/AndroidManifest.xml:21:25-66
category#android.intent.category.LAUNCHER
ADDED from build-10qtandroidjninotification-Android_Qt_5_12_6_Clang_armeabi_v7a_b6d8de-Debug/android-build/AndroidManifest.xml:22:17-76
	android:name
		ADDED from build-10qtandroidjninotification-Android_Qt_5_12_6_Clang_armeabi_v7a_b6d8de-Debug/android-build/AndroidManifest.xml:22:27-74
meta-data#android.app.lib_name
ADDED from build-10qtandroidjninotification-Android_Qt_5_12_6_Clang_armeabi_v7a_b6d8de-Debug/android-build/AndroidManifest.xml:27:13-104
	android:value
		ADDED from build-10qtandroidjninotification-Android_Qt_5_12_6_Clang_armeabi_v7a_b6d8de-Debug/android-build/AndroidManifest.xml:27:60-102
	android:name
		ADDED from build-10qtandroidjninotification-Android_Qt_5_12_6_Clang_armeabi_v7a_b6d8de-Debug/android-build/AndroidManifest.xml:27:24-59
meta-data#android.app.qt_sources_resource_id
ADDED from build-10qtandroidjninotification-Android_Qt_5_12_6_Clang_armeabi_v7a_b6d8de-Debug/android-build/AndroidManifest.xml:28:13-112
	android:resource
		ADDED from build-10qtandroidjninotification-Android_Qt_5_12_6_Clang_armeabi_v7a_b6d8de-Debug/android-build/AndroidManifest.xml:28:74-110
	android:name
		ADDED from build-10qtandroidjninotification-Android_Qt_5_12_6_Clang_armeabi_v7a_b6d8de-Debug/android-build/AndroidManifest.xml:28:24-73
meta-data#android.app.repository
ADDED from build-10qtandroidjninotification-Android_Qt_5_12_6_Clang_armeabi_v7a_b6d8de-Debug/android-build/AndroidManifest.xml:29:13-87
	android:value
		ADDED from build-10qtandroidjninotification-Android_Qt_5_12_6_Clang_armeabi_v7a_b6d8de-Debug/android-build/AndroidManifest.xml:29:62-85
	android:name
		ADDED from build-10qtandroidjninotification-Android_Qt_5_12_6_Clang_armeabi_v7a_b6d8de-Debug/android-build/AndroidManifest.xml:29:24-61
meta-data#android.app.qt_libs_resource_id
ADDED from build-10qtandroidjninotification-Android_Qt_5_12_6_Clang_armeabi_v7a_b6d8de-Debug/android-build/AndroidManifest.xml:30:13-106
	android:resource
		ADDED from build-10qtandroidjninotification-Android_Qt_5_12_6_Clang_armeabi_v7a_b6d8de-Debug/android-build/AndroidManifest.xml:30:71-104
	android:name
		ADDED from build-10qtandroidjninotification-Android_Qt_5_12_6_Clang_armeabi_v7a_b6d8de-Debug/android-build/AndroidManifest.xml:30:24-70
meta-data#android.app.bundled_libs_resource_id
ADDED from build-10qtandroidjninotification-Android_Qt_5_12_6_Clang_armeabi_v7a_b6d8de-Debug/android-build/AndroidManifest.xml:31:13-116
	android:resource
		ADDED from build-10qtandroidjninotification-Android_Qt_5_12_6_Clang_armeabi_v7a_b6d8de-Debug/android-build/AndroidManifest.xml:31:76-114
	android:name
		ADDED from build-10qtandroidjninotification-Android_Qt_5_12_6_Clang_armeabi_v7a_b6d8de-Debug/android-build/AndroidManifest.xml:31:24-75
meta-data#android.app.bundle_local_qt_libs
ADDED from build-10qtandroidjninotification-Android_Qt_5_12_6_Clang_armeabi_v7a_b6d8de-Debug/android-build/AndroidManifest.xml:33:13-91
	android:value
		ADDED from build-10qtandroidjninotification-Android_Qt_5_12_6_Clang_armeabi_v7a_b6d8de-Debug/android-build/AndroidManifest.xml:33:72-89
	android:name
		ADDED from build-10qtandroidjninotification-Android_Qt_5_12_6_Clang_armeabi_v7a_b6d8de-Debug/android-build/AndroidManifest.xml:33:24-71
meta-data#android.app.bundled_in_lib_resource_id
ADDED from build-10qtandroidjninotification-Android_Qt_5_12_6_Clang_armeabi_v7a_b6d8de-Debug/android-build/AndroidManifest.xml:34:13-120
	android:resource
		ADDED from build-10qtandroidjninotification-Android_Qt_5_12_6_Clang_armeabi_v7a_b6d8de-Debug/android-build/AndroidManifest.xml:34:78-118
	android:name
		ADDED from build-10qtandroidjninotification-Android_Qt_5_12_6_Clang_armeabi_v7a_b6d8de-Debug/android-build/AndroidManifest.xml:34:24-77
meta-data#android.app.bundled_in_assets_resource_id
ADDED from build-10qtandroidjninotification-Android_Qt_5_12_6_Clang_armeabi_v7a_b6d8de-Debug/android-build/AndroidManifest.xml:35:13-126
	android:resource
		ADDED from build-10qtandroidjninotification-Android_Qt_5_12_6_Clang_armeabi_v7a_b6d8de-Debug/android-build/AndroidManifest.xml:35:81-124
	android:name
		ADDED from build-10qtandroidjninotification-Android_Qt_5_12_6_Clang_armeabi_v7a_b6d8de-Debug/android-build/AndroidManifest.xml:35:24-80
meta-data#android.app.use_local_qt_libs
ADDED from build-10qtandroidjninotification-Android_Qt_5_12_6_Clang_armeabi_v7a_b6d8de-Debug/android-build/AndroidManifest.xml:37:13-88
	android:value
		ADDED from build-10qtandroidjninotification-Android_Qt_5_12_6_Clang_armeabi_v7a_b6d8de-Debug/android-build/AndroidManifest.xml:37:69-86
	android:name
		ADDED from build-10qtandroidjninotification-Android_Qt_5_12_6_Clang_armeabi_v7a_b6d8de-Debug/android-build/AndroidManifest.xml:37:24-68
meta-data#android.app.libs_prefix
ADDED from build-10qtandroidjninotification-Android_Qt_5_12_6_Clang_armeabi_v7a_b6d8de-Debug/android-build/AndroidManifest.xml:38:13-100
	android:value
		ADDED from build-10qtandroidjninotification-Android_Qt_5_12_6_Clang_armeabi_v7a_b6d8de-Debug/android-build/AndroidManifest.xml:38:63-98
	android:name
		ADDED from build-10qtandroidjninotification-Android_Qt_5_12_6_Clang_armeabi_v7a_b6d8de-Debug/android-build/AndroidManifest.xml:38:24-62
meta-data#android.app.load_local_libs
ADDED from build-10qtandroidjninotification-Android_Qt_5_12_6_Clang_armeabi_v7a_b6d8de-Debug/android-build/AndroidManifest.xml:39:13-193
	android:value
		ADDED from build-10qtandroidjninotification-Android_Qt_5_12_6_Clang_armeabi_v7a_b6d8de-Debug/android-build/AndroidManifest.xml:39:67-191
	android:name
		ADDED from build-10qtandroidjninotification-Android_Qt_5_12_6_Clang_armeabi_v7a_b6d8de-Debug/android-build/AndroidManifest.xml:39:24-66
meta-data#android.app.load_local_jars
ADDED from build-10qtandroidjninotification-Android_Qt_5_12_6_Clang_armeabi_v7a_b6d8de-Debug/android-build/AndroidManifest.xml:40:13-150
	android:value
		ADDED from build-10qtandroidjninotification-Android_Qt_5_12_6_Clang_armeabi_v7a_b6d8de-Debug/android-build/AndroidManifest.xml:40:67-148
	android:name
		ADDED from build-10qtandroidjninotification-Android_Qt_5_12_6_Clang_armeabi_v7a_b6d8de-Debug/android-build/AndroidManifest.xml:40:24-66
meta-data#android.app.static_init_classes
ADDED from build-10qtandroidjninotification-Android_Qt_5_12_6_Clang_armeabi_v7a_b6d8de-Debug/android-build/AndroidManifest.xml:41:13-89
	android:value
		ADDED from build-10qtandroidjninotification-Android_Qt_5_12_6_Clang_armeabi_v7a_b6d8de-Debug/android-build/AndroidManifest.xml:41:71-87
	android:name
		ADDED from build-10qtandroidjninotification-Android_Qt_5_12_6_Clang_armeabi_v7a_b6d8de-Debug/android-build/AndroidManifest.xml:41:24-70
meta-data#android.app.ministro_not_found_msg
ADDED from build-10qtandroidjninotification-Android_Qt_5_12_6_Clang_armeabi_v7a_b6d8de-Debug/android-build/AndroidManifest.xml:45:13-122
	android:value
		ADDED from build-10qtandroidjninotification-Android_Qt_5_12_6_Clang_armeabi_v7a_b6d8de-Debug/android-build/AndroidManifest.xml:45:24-70
	android:name
		ADDED from build-10qtandroidjninotification-Android_Qt_5_12_6_Clang_armeabi_v7a_b6d8de-Debug/android-build/AndroidManifest.xml:45:71-120
meta-data#android.app.ministro_needed_msg
ADDED from build-10qtandroidjninotification-Android_Qt_5_12_6_Clang_armeabi_v7a_b6d8de-Debug/android-build/AndroidManifest.xml:46:13-116
	android:value
		ADDED from build-10qtandroidjninotification-Android_Qt_5_12_6_Clang_armeabi_v7a_b6d8de-Debug/android-build/AndroidManifest.xml:46:24-67
	android:name
		ADDED from build-10qtandroidjninotification-Android_Qt_5_12_6_Clang_armeabi_v7a_b6d8de-Debug/android-build/AndroidManifest.xml:46:68-114
meta-data#android.app.fatal_error_msg
ADDED from build-10qtandroidjninotification-Android_Qt_5_12_6_Clang_armeabi_v7a_b6d8de-Debug/android-build/AndroidManifest.xml:47:13-108
	android:value
		ADDED from build-10qtandroidjninotification-Android_Qt_5_12_6_Clang_armeabi_v7a_b6d8de-Debug/android-build/AndroidManifest.xml:47:24-63
	android:name
		ADDED from build-10qtandroidjninotification-Android_Qt_5_12_6_Clang_armeabi_v7a_b6d8de-Debug/android-build/AndroidManifest.xml:47:64-106
meta-data#android.app.unsupported_android_version
ADDED from build-10qtandroidjninotification-Android_Qt_5_12_6_Clang_armeabi_v7a_b6d8de-Debug/android-build/AndroidManifest.xml:48:13-132
	android:value
		ADDED from build-10qtandroidjninotification-Android_Qt_5_12_6_Clang_armeabi_v7a_b6d8de-Debug/android-build/AndroidManifest.xml:48:24-75
	android:name
		ADDED from build-10qtandroidjninotification-Android_Qt_5_12_6_Clang_armeabi_v7a_b6d8de-Debug/android-build/AndroidManifest.xml:48:76-130
meta-data#android.app.background_running
ADDED from build-10qtandroidjninotification-Android_Qt_5_12_6_Clang_armeabi_v7a_b6d8de-Debug/android-build/AndroidManifest.xml:65:13-93
	android:value
		ADDED from build-10qtandroidjninotification-Android_Qt_5_12_6_Clang_armeabi_v7a_b6d8de-Debug/android-build/AndroidManifest.xml:65:70-91
	android:name
		ADDED from build-10qtandroidjninotification-Android_Qt_5_12_6_Clang_armeabi_v7a_b6d8de-Debug/android-build/AndroidManifest.xml:65:24-69
meta-data#android.app.auto_screen_scale_factor
ADDED from build-10qtandroidjninotification-Android_Qt_5_12_6_Clang_armeabi_v7a_b6d8de-Debug/android-build/AndroidManifest.xml:68:13-99
	android:value
		ADDED from build-10qtandroidjninotification-Android_Qt_5_12_6_Clang_armeabi_v7a_b6d8de-Debug/android-build/AndroidManifest.xml:68:76-97
	android:name
		ADDED from build-10qtandroidjninotification-Android_Qt_5_12_6_Clang_armeabi_v7a_b6d8de-Debug/android-build/AndroidManifest.xml:68:24-75
meta-data#android.app.extract_android_style
ADDED from build-10qtandroidjninotification-Android_Qt_5_12_6_Clang_armeabi_v7a_b6d8de-Debug/android-build/AndroidManifest.xml:77:13-98
	android:value
		ADDED from build-10qtandroidjninotification-Android_Qt_5_12_6_Clang_armeabi_v7a_b6d8de-Debug/android-build/AndroidManifest.xml:77:73-96
	android:name
		ADDED from build-10qtandroidjninotification-Android_Qt_5_12_6_Clang_armeabi_v7a_b6d8de-Debug/android-build/AndroidManifest.xml:77:24-72